2021-02-15 00:45:34.424  INFO 21616 --- [main] u.c.p.e.EurekaServiceApplicationTests    : No active profile set, falling back to default profiles: default
2021-02-15 00:45:35.087  WARN 21616 --- [main] o.s.boot.actuate.endpoint.EndpointId     : Endpoint ID 'service-registry' contains invalid characters, please migrate to a valid format.
2021-02-15 00:45:35.217  INFO 21616 --- [main] o.s.cloud.context.scope.GenericScope     : BeanFactory id=3fce5e99-1da4-3d0e-9942-f52a2f1b0096
2021-02-15 00:45:35.517  WARN 21616 --- [main] c.n.c.sources.URLConfigurationSource     : No URLs will be polled as dynamic configuration sources.
2021-02-15 00:45:35.517  INFO 21616 --- [main] c.n.c.sources.URLConfigurationSource     : To enable URLs as dynamic configuration sources, define System property archaius.configurationSource.additionalUrls or make config.properties available on classpath.
2021-02-15 00:45:35.526  WARN 21616 --- [main] c.n.c.sources.URLConfigurationSource     : No URLs will be polled as dynamic configuration sources.
2021-02-15 00:45:35.527  INFO 21616 --- [main] c.n.c.sources.URLConfigurationSource     : To enable URLs as dynamic configuration sources, define System property archaius.configurationSource.additionalUrls or make config.properties available on classpath.
2021-02-15 00:45:36.138  INFO 21616 --- [main] o.s.s.concurrent.ThreadPoolTaskExecutor  : Initializing ExecutorService 'applicationTaskExecutor'
2021-02-15 00:45:37.412  INFO 21616 --- [main] DiscoveryClientOptionalArgsConfiguration : Eureka HTTP Client uses Jersey
2021-02-15 00:45:37.486  WARN 21616 --- [main] ockingLoadBalancerClientRibbonWarnLogger : You already have RibbonLoadBalancerClient on your classpath. It will be used by default. As Spring Cloud Ribbon is in maintenance mode. We recommend switching to BlockingLoadBalancerClient instead. In order to use it, set the value of `spring.cloud.loadbalancer.ribbon.enabled` to `false` or remove spring-cloud-starter-netflix-ribbon from your project.
2021-02-15 00:45:37.713  INFO 21616 --- [main] o.s.c.n.eureka.InstanceInfoFactory       : Setting initial instance status as: STARTING
2021-02-15 00:45:37.747  INFO 21616 --- [main] com.netflix.discovery.DiscoveryClient    : Initializing Eureka in region us-east-1
2021-02-15 00:45:37.749  INFO 21616 --- [main] com.netflix.discovery.DiscoveryClient    : Client configured to neither register nor query for data.
2021-02-15 00:45:37.759  INFO 21616 --- [main] com.netflix.discovery.DiscoveryClient    : Discovery Client initialized at timestamp 1613360737757 with initial instances count: 0
2021-02-15 00:45:37.821  INFO 21616 --- [main] c.n.eureka.DefaultEurekaServerContext    : Initializing ...
2021-02-15 00:45:37.824  INFO 21616 --- [main] c.n.eureka.cluster.PeerEurekaNodes       : Adding new peer nodes [http://localhost:8761/eureka/]
2021-02-15 00:45:38.259  INFO 21616 --- [main] c.n.d.provider.DiscoveryJerseyProvider   : Using JSON encoding codec LegacyJacksonJson
2021-02-15 00:45:38.260  INFO 21616 --- [main] c.n.d.provider.DiscoveryJerseyProvider   : Using JSON decoding codec LegacyJacksonJson
2021-02-15 00:45:38.260  INFO 21616 --- [main] c.n.d.provider.DiscoveryJerseyProvider   : Using XML encoding codec XStreamXml
2021-02-15 00:45:38.260  INFO 21616 --- [main] c.n.d.provider.DiscoveryJerseyProvider   : Using XML decoding codec XStreamXml
2021-02-15 00:45:38.443  INFO 21616 --- [main] c.n.eureka.cluster.PeerEurekaNodes       : Replica node URL:  http://localhost:8761/eureka/
2021-02-15 00:45:38.452  INFO 21616 --- [main] c.n.e.registry.AbstractInstanceRegistry  : Finished initializing remote region registries. All known remote regions: []
2021-02-15 00:45:38.453  INFO 21616 --- [main] c.n.eureka.DefaultEurekaServerContext    : Initialized
2021-02-15 00:45:38.601  INFO 21616 --- [main] o.s.b.a.e.web.EndpointLinksResolver      : Exposing 2 endpoint(s) beneath base path '/actuator'
2021-02-15 00:45:38.642  INFO 21616 --- [main] o.s.c.n.e.s.EurekaServiceRegistry        : Registering application EUREKA-SERVICE with eureka with status UP
2021-02-15 00:45:38.644  INFO 21616 --- [Thread-11] o.s.c.n.e.server.EurekaServerBootstrap   : Setting the eureka configuration..
2021-02-15 00:45:38.647  INFO 21616 --- [Thread-11] o.s.c.n.e.server.EurekaServerBootstrap   : Eureka data center value eureka.datacenter is not set, defaulting to default
2021-02-15 00:45:38.647  INFO 21616 --- [Thread-11] o.s.c.n.e.server.EurekaServerBootstrap   : Eureka environment value eureka.environment is not set, defaulting to test
2021-02-15 00:45:38.660  INFO 21616 --- [Thread-11] o.s.c.n.e.server.EurekaServerBootstrap   : isAws returned false
2021-02-15 00:45:38.661  INFO 21616 --- [main] u.c.p.e.EurekaServiceApplicationTests    : Started EurekaServiceApplicationTests in 5.747 seconds (JVM running for 6.737)
2021-02-15 00:45:38.661  INFO 21616 --- [Thread-11] o.s.c.n.e.server.EurekaServerBootstrap   : Initialized server context
2021-02-15 00:45:38.661  INFO 21616 --- [Thread-11] c.n.e.r.PeerAwareInstanceRegistryImpl    : Got 1 instances from neighboring DS node
2021-02-15 00:45:38.661  INFO 21616 --- [Thread-11] c.n.e.r.PeerAwareInstanceRegistryImpl    : Renew threshold is: 1
2021-02-15 00:45:38.662  INFO 21616 --- [Thread-11] c.n.e.r.PeerAwareInstanceRegistryImpl    : Changing status to UP
2021-02-15 00:45:38.674  INFO 21616 --- [Thread-11] e.s.EurekaServerInitializerConfiguration : Started Eureka Server
2021-02-15 00:45:39.119  INFO 21616 --- [SpringContextShutdownHook] o.s.c.n.e.s.EurekaServiceRegistry        : Unregistering application EUREKA-SERVICE with eureka with status DOWN
2021-02-15 00:45:39.121  INFO 21616 --- [SpringContextShutdownHook] c.n.eureka.DefaultEurekaServerContext    : Shutting down ...
2021-02-15 00:45:39.153  INFO 21616 --- [SpringContextShutdownHook] c.n.eureka.DefaultEurekaServerContext    : Shut down
2021-02-15 00:45:39.158  INFO 21616 --- [SpringContextShutdownHook] o.s.s.concurrent.ThreadPoolTaskExecutor  : Shutting down ExecutorService 'applicationTaskExecutor'
2021-02-15 00:45:39.161  INFO 21616 --- [SpringContextShutdownHook] com.netflix.discovery.DiscoveryClient    : Shutting down DiscoveryClient ...
2021-02-15 00:45:39.162  INFO 21616 --- [SpringContextShutdownHook] com.netflix.discovery.DiscoveryClient    : Completed shut down of DiscoveryClient
